<?xml version="1.0" encoding="UTF-8"?>
<!-- Generated by org.testng.reporters.JUnitXMLReporter -->
<testsuite hostname="Muzamil-PC" ignored="0" name="Surefire test" tests="2" failures="2" timestamp="16 Oct 2019 13:29:25 GMT" time="1.448" errors="0">
  <testcase name="apiDemoTest" time="0.631" classname="practise.AppiumFramework.ApiDemoTest">
    <failure type="java.lang.NullPointerException">
      <![CDATA[java.lang.NullPointerException
at practise.AppiumFramework.base.capabilities(base.java:78)
at practise.AppiumFramework.ApiDemoTest.apiDemoTest(ApiDemoTest.java:25)
... Removed 30 stack frames]]>
    </failure>
  </testcase> <!-- apiDemoTest -->
  <testcase name="apiDemoTest" time="0.0" classname="practise.AppiumFramework.ApiDemoTest">
    <failure type="java.lang.NullPointerException">
      <![CDATA[java.lang.NullPointerException
at practise.AppiumFramework.base.capabilities(base.java:78)
at practise.AppiumFramework.ApiDemoTest.apiDemoTest(ApiDemoTest.java:25)
... Removed 30 stack frames]]>
    </failure>
  </testcase> <!-- apiDemoTest -->
</testsuite> <!-- Surefire test -->
