<?xml version="1.0" encoding="UTF-8"?>
<!-- Generated by org.testng.reporters.JUnitXMLReporter -->
<testsuite hostname="Muzamil-PC" ignored="0" name="Test" tests="2" failures="2" timestamp="16 Oct 2019 12:53:50 GMT" time="9.055" errors="0">
  <testcase name="totalValidation" time="5.962" classname="practise.AppiumFramework.Ecommerce_tc_4">
    <failure type="java.lang.NullPointerException">
      <![CDATA[java.lang.NullPointerException
at practise.AppiumFramework.base.capabilities(base.java:78)
at practise.AppiumFramework.Ecommerce_tc_4.totalValidation(Ecommerce_tc_4.java:27)
... Removed 29 stack frames]]>
    </failure>
  </testcase> <!-- totalValidation -->
  <testcase name="totalValidation" time="5.979" classname="practise.AppiumFramework.Ecommerce_tc_4">
    <failure type="java.lang.NullPointerException">
      <![CDATA[java.lang.NullPointerException
at practise.AppiumFramework.base.getScreenshot(base.java:96)
at resources.Listeners.onTestFailure(Listeners.java:32)
... Removed 26 stack frames]]>
    </failure>
  </testcase> <!-- totalValidation -->
</testsuite> <!-- Test -->
